<?xml version="1.0" encoding="UTF-8"?>
<!-- Generated by org.testng.reporters.JUnitReportReporter -->
<testsuite hostname="urmin" failures="0" tests="1" name="Utilities.Baseclass" time="0.013" errors="0" timestamp="2024-03-06T11:22:14 EST" skipped="0">
  <testcase classname="Utilities.Baseclass" name="f" time="0.013"/>
</testsuite> <!-- Utilities.Baseclass -->
